Using pre-set license
Built from '2021.3/staging' branch; Version is '2021.3.6f1 (7da38d85baf6) revision 8233869'; Using compiler version '192829333'; Build Type 'Release'
OS: 'Windows 10  (10.0.19044) 64bit Professional' Language: 'ko' Physical Memory: 16122 MB
BatchMode: 1, IsHumanControllingUs: 0, StartBugReporterOnCrash: 0, Is64bit: 1, IsPro: 1

COMMAND LINE ARGUMENTS:
C:\Program Files\Unity\Hub\Editor\2021.3.6f1\Editor\Unity.exe
-adb2
-batchMode
-noUpm
-name
AssetImportWorker1
-projectPath
D:/Unity/portfolio2/portfoilo(양게임)
-logFile
Logs/AssetImportWorker1.log
-srvPort
54556
Successfully changed project path to: D:/Unity/portfolio2/portfoilo(양게임)
D:/Unity/portfolio2/portfoilo(양게임)
[UnityMemory] Configuration Parameters - Can be set up in boot.config
    "memorysetup-bucket-allocator-granularity=16"
    "memorysetup-bucket-allocator-bucket-count=8"
    "memorysetup-bucket-allocator-block-size=33554432"
    "memorysetup-bucket-allocator-block-count=8"
    "memorysetup-main-allocator-block-size=16777216"
    "memorysetup-thread-allocator-block-size=16777216"
    "memorysetup-gfx-main-allocator-block-size=16777216"
    "memorysetup-gfx-thread-allocator-block-size=16777216"
    "memorysetup-cache-allocator-block-size=4194304"
    "memorysetup-typetree-allocator-block-size=2097152"
    "memorysetup-profiler-bucket-allocator-granularity=16"
    "memorysetup-profiler-bucket-allocator-bucket-count=8"
    "memorysetup-profiler-bucket-allocator-block-size=33554432"
    "memorysetup-profiler-bucket-allocator-block-count=8"
    "memorysetup-profiler-allocator-block-size=16777216"
    "memorysetup-profiler-editor-allocator-block-size=1048576"
    "memorysetup-temp-allocator-size-main=16777216"
    "memorysetup-job-temp-allocator-block-size=2097152"
    "memorysetup-job-temp-allocator-block-size-background=1048576"
    "memorysetup-job-temp-allocator-reduction-small-platforms=262144"
    "memorysetup-temp-allocator-size-background-worker=32768"
    "memorysetup-temp-allocator-size-job-worker=262144"
    "memorysetup-temp-allocator-size-preload-manager=33554432"
    "memorysetup-temp-allocator-size-nav-mesh-worker=65536"
    "memorysetup-temp-allocator-size-audio-worker=65536"
    "memorysetup-temp-allocator-size-cloud-worker=32768"
    "memorysetup-temp-allocator-size-gi-baking-worker=262144"
    "memorysetup-temp-allocator-size-gfx=262144"
Refreshing native plugins compatible for Editor in 382.73 ms, found 4 plugins.
Preloading 0 native plugins for Editor in 0.00 ms.
Initialize engine version: 2021.3.6f1 (7da38d85baf6)
[Subsystems] Discovering subsystems at path C:/Program Files/Unity/Hub/Editor/2021.3.6f1/Editor/Data/Resources/UnitySubsystems
[Subsystems] Discovering subsystems at path D:/Unity/portfolio2/portfoilo(양게임)/Assets
GfxDevice: creating device client; threaded=0; jobified=0
Direct3D:
    Version:  Direct3D 11.0 [level 11.1]
    Renderer: NVIDIA GeForce RTX 3050 Ti Laptop GPU (ID=0x25a0)
    Vendor:   NVIDIA
    VRAM:     3990 MB
    Driver:   30.0.15.1278
Initialize mono
Mono path[0] = 'C:/Program Files/Unity/Hub/Editor/2021.3.6f1/Editor/Data/Managed'
Mono path[1] = 'C:/Program Files/Unity/Hub/Editor/2021.3.6f1/Editor/Data/MonoBleedingEdge/lib/mono/unityjit-win32'
Mono config path = 'C:/Program Files/Unity/Hub/Editor/2021.3.6f1/Editor/Data/MonoBleedingEdge/etc'
Using monoOptions --debugger-agent=transport=dt_socket,embedding=1,server=y,suspend=n,address=127.0.0.1:56044
Begin MonoManager ReloadAssembly
Registering precompiled unity dll's ...
Register platform support module: C:/Program Files/Unity/Hub/Editor/2021.3.6f1/Editor/Data/PlaybackEngines/AndroidPlayer/UnityEditor.Android.Extensions.dll
Register platform support module: C:/Program Files/Unity/Hub/Editor/2021.3.6f1/Editor/Data/PlaybackEngines/iOSSupport/UnityEditor.iOS.Extensions.dll
Register platform support module: C:/Program Files/Unity/Hub/Editor/2021.3.6f1/Editor/Data/PlaybackEngines/WindowsStandaloneSupport/UnityEditor.WindowsStandalone.Extensions.dll
Registered in 0.101955 seconds.
Native extension for WindowsStandalone target not found
[usbmuxd] Start listen thread
[usbmuxd] Listen thread started
Native extension for iOS target not found
Native extension for Android target not found
Refreshing native plugins compatible for Editor in 413.35 ms, found 4 plugins.
Preloading 0 native plugins for Editor in 0.00 ms.
Mono: successfully reloaded assembly
- Completed reload, in  3.411 seconds
Domain Reload Profiling:
	ReloadAssembly (3413ms)
		BeginReloadAssembly (450ms)
			ExecutionOrderSort (0ms)
			DisableScriptedObjects (0ms)
			BackupInstance (0ms)
			ReleaseScriptingObjects (0ms)
			CreateAndSetChildDomain (1ms)
		EndReloadAssembly (2372ms)
			LoadAssemblies (437ms)
			RebuildTransferFunctionScriptingTraits (0ms)
			SetupTypeCache (534ms)
			ReleaseScriptCaches (0ms)
			RebuildScriptCaches (115ms)
			SetupLoadedEditorAssemblies (1459ms)
				LogAssemblyErrors (0ms)
				InitializePlatformSupportModulesInManaged (382ms)
				SetLoadedEditorAssemblies (0ms)
				RefreshPlugins (414ms)
				BeforeProcessingInitializeOnLoad (4ms)
				ProcessInitializeOnLoadAttributes (446ms)
				ProcessInitializeOnLoadMethodAttributes (211ms)
				AfterProcessingInitializeOnLoad (0ms)
				EditorAssembliesLoaded (0ms)
			ExecutionOrderSort2 (0ms)
			AwakeInstancesAfterBackupRestoration (0ms)
Platform modules already initialized, skipping
Registering precompiled user dll's ...
Registered in 0.017656 seconds.
Begin MonoManager ReloadAssembly
Symbol file LoadedFromMemory doesn't match image D:\Unity\portfolio2\portfoilo(양게임)\Library\PackageCache\com.unity.visualscripting@1.7.8\Editor\VisualScripting.Core\Dependencies\YamlDotNet\Unity.VisualScripting.YamlDotNet.dll
Symbol file LoadedFromMemory doesn't match image D:\Unity\portfolio2\portfoilo(양게임)\Library\PackageCache\com.unity.visualscripting@1.7.8\Editor\VisualScripting.Core\Dependencies\DotNetZip\Unity.VisualScripting.IonicZip.dll
Native extension for WindowsStandalone target not found
Native extension for iOS target not found
Native extension for Android target not found
Refreshing native plugins compatible for Editor in 429.47 ms, found 4 plugins.
Preloading 0 native plugins for Editor in 0.00 ms.
Mono: successfully reloaded assembly
- Completed reload, in  5.907 seconds
Domain Reload Profiling:
	ReloadAssembly (5910ms)
		BeginReloadAssembly (792ms)
			ExecutionOrderSort (0ms)
			DisableScriptedObjects (24ms)
			BackupInstance (0ms)
			ReleaseScriptingObjects (0ms)
			CreateAndSetChildDomain (172ms)
		EndReloadAssembly (4490ms)
			LoadAssemblies (625ms)
			RebuildTransferFunctionScriptingTraits (0ms)
			SetupTypeCache (1209ms)
			ReleaseScriptCaches (2ms)
			RebuildScriptCaches (220ms)
			SetupLoadedEditorAssemblies (2382ms)
				LogAssemblyErrors (0ms)
				InitializePlatformSupportModulesInManaged (152ms)
				SetLoadedEditorAssemblies (1ms)
				RefreshPlugins (430ms)
				BeforeProcessingInitializeOnLoad (489ms)
				ProcessInitializeOnLoadAttributes (1020ms)
				ProcessInitializeOnLoadMethodAttributes (191ms)
				AfterProcessingInitializeOnLoad (98ms)
				EditorAssembliesLoaded (1ms)
			ExecutionOrderSort2 (0ms)
			AwakeInstancesAfterBackupRestoration (32ms)
Platform modules already initialized, skipping
========================================================================
Worker process is ready to serve import requests
Launched and connected shader compiler UnityShaderCompiler.exe after 0.15 seconds
Refreshing native plugins compatible for Editor in 1.07 ms, found 4 plugins.
Preloading 0 native plugins for Editor in 0.00 ms.
Unloading 4057 Unused Serialized files (Serialized files now loaded: 0)
Unloading 44 unused Assets / (222.3 KB). Loaded Objects now: 4509.
Memory consumption went from 155.4 MB to 155.2 MB.
Total: 5.496100 ms (FindLiveObjects: 0.340300 ms CreateObjectMapping: 0.275500 ms MarkObjects: 4.636200 ms  DeleteObjects: 0.242700 ms)

AssetImportParameters requested are different than current active one (requested -> active):
  custom:video-decoder-ogg-theora: a1e56fd34408186e4bbccfd4996cb3dc -> 
  custom:container-muxer-webm: aa71ff27fc2769a1b78a27578f13a17b -> 
  custom:container-demuxer-webm: 4f35f7cbe854078d1ac9338744f61a02 -> 
  custom:video-encoder-webm-vp8: eb34c28f22e8b96e1ab97ce403110664 -> 
  custom:audio-encoder-webm-vorbis: bf7c407c2cedff20999df2af8eb42d56 -> 
  custom:framework-win-MediaFoundation: 216162199b28c13a410421893ffa2e32 -> 
  custom:container-demuxer-ogg: 62fdf1f143b41e24485cea50d1cbac27 -> 
  custom:video-decoder-webm-vp8: 9c59270c3fd7afecdb556c50c9e8de78 -> 
  custom:audio-decoder-ogg-vorbis: bf7c407c2cedff20999df2af8eb42d56 -> 
========================================================================
Received Import Request.
  Time since last request: 507018.316059 seconds.
  path: Assets/emigi
  artifactKey: Guid(c813658f41d55ec49a6816749243bb87) Importer(815301076,1909f56bfc062723c751e8b465ee728b)
Start importing Assets/emigi using Guid(c813658f41d55ec49a6816749243bb87) Importer(815301076,1909f56bfc062723c751e8b465ee728b)  -> (artifact id: 'be1b096f911eb9122dfb24adb73e1f65') in 0.008826 seconds 
========================================================================
Received Import Request.
  Time since last request: 44.423337 seconds.
  path: Assets/emigi/KakaoTalk_20220817_212952285_01.jpg
  artifactKey: Guid(e463716c5119b994eadb6bae4d2c8ec7) Importer(815301076,1909f56bfc062723c751e8b465ee728b)
Start importing Assets/emigi/KakaoTalk_20220817_212952285_01.jpg using Guid(e463716c5119b994eadb6bae4d2c8ec7) Importer(815301076,1909f56bfc062723c751e8b465ee728b)  -> (artifact id: '948b30373a4ce3e8e2e08936de3ce123') in 0.585706 seconds 
========================================================================
Received Import Request.
  Time since last request: 0.804058 seconds.
  path: Assets/emigi/KakaoTalk_20220817_212952285_01 1.jpg
  artifactKey: Guid(c68400461de31f048a55dd7cd779248c) Importer(815301076,1909f56bfc062723c751e8b465ee728b)
Start importing Assets/emigi/KakaoTalk_20220817_212952285_01 1.jpg using Guid(c68400461de31f048a55dd7cd779248c) Importer(815301076,1909f56bfc062723c751e8b465ee728b)  -> (artifact id: 'd05173c71c74c341a1dea1e039233bdb') in 0.155360 seconds 
========================================================================
Received Import Request.
  Time since last request: 0.000057 seconds.
  path: Assets/emigi/KakaoTalk_20220817_212952285_03.jpg
  artifactKey: Guid(9cbc65c9a1925124eb33b100533df9b2) Importer(815301076,1909f56bfc062723c751e8b465ee728b)
Start importing Assets/emigi/KakaoTalk_20220817_212952285_03.jpg using Guid(9cbc65c9a1925124eb33b100533df9b2) Importer(815301076,1909f56bfc062723c751e8b465ee728b)  -> (artifact id: '705ed4120fb843b6e56587b9b1c29780') in 0.214321 seconds 
========================================================================
Received Import Request.
  Time since last request: 0.845780 seconds.
  path: Assets/emigi/KakaoTalk_20220817_212952285_05 1.jpg
  artifactKey: Guid(f9366ad08d4bac84a9d149c5347f4ac3) Importer(815301076,1909f56bfc062723c751e8b465ee728b)
Start importing Assets/emigi/KakaoTalk_20220817_212952285_05 1.jpg using Guid(f9366ad08d4bac84a9d149c5347f4ac3) Importer(815301076,1909f56bfc062723c751e8b465ee728b)  -> (artifact id: '166f6682874bba87e1f37aeb17b81047') in 0.220469 seconds 
========================================================================
Received Import Request.
  Time since last request: 0.000132 seconds.
  path: Assets/emigi/KakaoTalk_20220817_212952285_06 1.jpg
  artifactKey: Guid(517f1d202205f0349b8af0dd372c5458) Importer(815301076,1909f56bfc062723c751e8b465ee728b)
Start importing Assets/emigi/KakaoTalk_20220817_212952285_06 1.jpg using Guid(517f1d202205f0349b8af0dd372c5458) Importer(815301076,1909f56bfc062723c751e8b465ee728b)  -> (artifact id: '2c076b299a17f1c5da70b9a87f5445f9') in 0.191943 seconds 
========================================================================
Received Import Request.
  Time since last request: 0.000095 seconds.
  path: Assets/emigi/KakaoTalk_20220817_212952285_07 1.jpg
  artifactKey: Guid(08de4a99324a133449ba72b12362943e) Importer(815301076,1909f56bfc062723c751e8b465ee728b)
Start importing Assets/emigi/KakaoTalk_20220817_212952285_07 1.jpg using Guid(08de4a99324a133449ba72b12362943e) Importer(815301076,1909f56bfc062723c751e8b465ee728b)  -> (artifact id: 'fe57c462137e8891f8fafa089522f0bc') in 0.170789 seconds 
========================================================================
Received Import Request.
  Time since last request: 0.000040 seconds.
  path: Assets/emigi/KakaoTalk_20220817_212952285_08 1.jpg
  artifactKey: Guid(84a185a9187aa034f8004b6c389fd5cf) Importer(815301076,1909f56bfc062723c751e8b465ee728b)
Start importing Assets/emigi/KakaoTalk_20220817_212952285_08 1.jpg using Guid(84a185a9187aa034f8004b6c389fd5cf) Importer(815301076,1909f56bfc062723c751e8b465ee728b)  -> (artifact id: '9cfb2aed70a9fddd947ab98925a9a93e') in 0.190150 seconds 
========================================================================
Received Import Request.
  Time since last request: 0.000070 seconds.
  path: Assets/emigi/KakaoTalk_20220817_212952285_10.jpg
  artifactKey: Guid(92e5c3e775a85d448b46ad0f4281609b) Importer(815301076,1909f56bfc062723c751e8b465ee728b)
Start importing Assets/emigi/KakaoTalk_20220817_212952285_10.jpg using Guid(92e5c3e775a85d448b46ad0f4281609b) Importer(815301076,1909f56bfc062723c751e8b465ee728b)  -> (artifact id: '72286079e014e33dbcd938513323c187') in 0.189498 seconds 
========================================================================
Received Import Request.
  Time since last request: 0.000107 seconds.
  path: Assets/emigi/KakaoTalk_20220817_212952285_10 1.jpg
  artifactKey: Guid(0d2010f5e2d5b2446a8cf95714e981f6) Importer(815301076,1909f56bfc062723c751e8b465ee728b)
Start importing Assets/emigi/KakaoTalk_20220817_212952285_10 1.jpg using Guid(0d2010f5e2d5b2446a8cf95714e981f6) Importer(815301076,1909f56bfc062723c751e8b465ee728b)  -> (artifact id: '848dab686a9e85d4e77306dc8dd4fceb') in 0.184185 seconds 
Editor requested this worker to shutdown with reason: Scaling down because of idle timeout
AssetImportWorker is now disconnected from the server
Process exiting
Exiting without the bug reporter. Application will terminate with return code 0