Using pre-set license
Built from '2021.3/staging' branch; Version is '2021.3.5f1 (40eb3a945986) revision 4254522'; Using compiler version '192829333'; Build Type 'Release'
OS: 'Windows 10  (10.0.19044) 64bit Professional' Language: 'ko' Physical Memory: 16333 MB
BatchMode: 1, IsHumanControllingUs: 0, StartBugReporterOnCrash: 0, Is64bit: 1, IsPro: 1

COMMAND LINE ARGUMENTS:
C:\Program Files\Unity\Hub\Editor\2021.3.5f1\Editor\Unity.exe
-adb2
-batchMode
-noUpm
-name
AssetImportWorker1
-projectPath
D:/unity/GitHud/portfolio2/portfolio2
-logFile
Logs/AssetImportWorker1.log
-srvPort
49899
Successfully changed project path to: D:/unity/GitHud/portfolio2/portfolio2
D:/unity/GitHud/portfolio2/portfolio2
[UnityMemory] Configuration Parameters - Can be set up in boot.config
    "memorysetup-bucket-allocator-granularity=16"
    "memorysetup-bucket-allocator-bucket-count=8"
    "memorysetup-bucket-allocator-block-size=33554432"
    "memorysetup-bucket-allocator-block-count=8"
    "memorysetup-main-allocator-block-size=16777216"
    "memorysetup-thread-allocator-block-size=16777216"
    "memorysetup-gfx-main-allocator-block-size=16777216"
    "memorysetup-gfx-thread-allocator-block-size=16777216"
    "memorysetup-cache-allocator-block-size=4194304"
    "memorysetup-typetree-allocator-block-size=2097152"
    "memorysetup-profiler-bucket-allocator-granularity=16"
    "memorysetup-profiler-bucket-allocator-bucket-count=8"
    "memorysetup-profiler-bucket-allocator-block-size=33554432"
    "memorysetup-profiler-bucket-allocator-block-count=8"
    "memorysetup-profiler-allocator-block-size=16777216"
    "memorysetup-profiler-editor-allocator-block-size=1048576"
    "memorysetup-temp-allocator-size-main=16777216"
    "memorysetup-job-temp-allocator-block-size=2097152"
    "memorysetup-job-temp-allocator-block-size-background=1048576"
    "memorysetup-job-temp-allocator-reduction-small-platforms=262144"
    "memorysetup-temp-allocator-size-background-worker=32768"
    "memorysetup-temp-allocator-size-job-worker=262144"
    "memorysetup-temp-allocator-size-preload-manager=33554432"
    "memorysetup-temp-allocator-size-nav-mesh-worker=65536"
    "memorysetup-temp-allocator-size-audio-worker=65536"
    "memorysetup-temp-allocator-size-cloud-worker=32768"
    "memorysetup-temp-allocator-size-gi-baking-worker=262144"
    "memorysetup-temp-allocator-size-gfx=262144"
Refreshing native plugins compatible for Editor in 97.15 ms, found 4 plugins.
Preloading 0 native plugins for Editor in 0.00 ms.
Initialize engine version: 2021.3.5f1 (40eb3a945986)
[Subsystems] Discovering subsystems at path C:/Program Files/Unity/Hub/Editor/2021.3.5f1/Editor/Data/Resources/UnitySubsystems
[Subsystems] Discovering subsystems at path D:/unity/GitHud/portfolio2/portfolio2/Assets
GfxDevice: creating device client; threaded=0; jobified=0
Direct3D:
    Version:  Direct3D 11.0 [level 11.1]
    Renderer: NVIDIA GeForce GTX 1660 (ID=0x2184)
    Vendor:   NVIDIA
    VRAM:     5991 MB
    Driver:   27.21.14.5671
Initialize mono
Mono path[0] = 'C:/Program Files/Unity/Hub/Editor/2021.3.5f1/Editor/Data/Managed'
Mono path[1] = 'C:/Program Files/Unity/Hub/Editor/2021.3.5f1/Editor/Data/MonoBleedingEdge/lib/mono/unityjit-win32'
Mono config path = 'C:/Program Files/Unity/Hub/Editor/2021.3.5f1/Editor/Data/MonoBleedingEdge/etc'
Using monoOptions --debugger-agent=transport=dt_socket,embedding=1,server=y,suspend=n,address=127.0.0.1:56944
Begin MonoManager ReloadAssembly
Registering precompiled unity dll's ...
Register platform support module: C:/Program Files/Unity/Hub/Editor/2021.3.5f1/Editor/Data/PlaybackEngines/AndroidPlayer/UnityEditor.Android.Extensions.dll
Register platform support module: C:/Program Files/Unity/Hub/Editor/2021.3.5f1/Editor/Data/PlaybackEngines/iOSSupport/UnityEditor.iOS.Extensions.dll
Register platform support module: C:/Program Files/Unity/Hub/Editor/2021.3.5f1/Editor/Data/PlaybackEngines/WindowsStandaloneSupport/UnityEditor.WindowsStandalone.Extensions.dll
Registered in 0.014548 seconds.
Native extension for WindowsStandalone target not found
[usbmuxd] Start listen thread
[usbmuxd] Listen thread started
Native extension for iOS target not found
Native extension for Android target not found
Refreshing native plugins compatible for Editor in 98.82 ms, found 4 plugins.
Preloading 0 native plugins for Editor in 0.00 ms.
Mono: successfully reloaded assembly
- Completed reload, in  0.740 seconds
Domain Reload Profiling:
	ReloadAssembly (740ms)
		BeginReloadAssembly (95ms)
			ExecutionOrderSort (0ms)
			DisableScriptedObjects (0ms)
			BackupInstance (0ms)
			ReleaseScriptingObjects (0ms)
			CreateAndSetChildDomain (1ms)
		EndReloadAssembly (519ms)
			LoadAssemblies (93ms)
			RebuildTransferFunctionScriptingTraits (0ms)
			SetupTypeCache (111ms)
			ReleaseScriptCaches (0ms)
			RebuildScriptCaches (27ms)
			SetupLoadedEditorAssemblies (323ms)
				LogAssemblyErrors (0ms)
				InitializePlatformSupportModulesInManaged (79ms)
				SetLoadedEditorAssemblies (0ms)
				RefreshPlugins (99ms)
				BeforeProcessingInitializeOnLoad (1ms)
				ProcessInitializeOnLoadAttributes (94ms)
				ProcessInitializeOnLoadMethodAttributes (50ms)
				AfterProcessingInitializeOnLoad (0ms)
				EditorAssembliesLoaded (0ms)
			ExecutionOrderSort2 (0ms)
			AwakeInstancesAfterBackupRestoration (0ms)
Platform modules already initialized, skipping
Registering precompiled user dll's ...
Registered in 0.006666 seconds.
Begin MonoManager ReloadAssembly
Symbol file LoadedFromMemory doesn't match image D:\unity\GitHud\portfolio2\portfolio2\Library\PackageCache\com.unity.visualscripting@1.7.8\Editor\VisualScripting.Core\Dependencies\YamlDotNet\Unity.VisualScripting.YamlDotNet.dll
Symbol file LoadedFromMemory doesn't match image D:\unity\GitHud\portfolio2\portfolio2\Library\PackageCache\com.unity.visualscripting@1.7.8\Editor\VisualScripting.Core\Dependencies\DotNetZip\Unity.VisualScripting.IonicZip.dll
Native extension for WindowsStandalone target not found
Native extension for iOS target not found
Native extension for Android target not found
Refreshing native plugins compatible for Editor in 102.53 ms, found 4 plugins.
Preloading 0 native plugins for Editor in 0.00 ms.
Mono: successfully reloaded assembly
- Completed reload, in  1.376 seconds
Domain Reload Profiling:
	ReloadAssembly (1376ms)
		BeginReloadAssembly (271ms)
			ExecutionOrderSort (0ms)
			DisableScriptedObjects (7ms)
			BackupInstance (0ms)
			ReleaseScriptingObjects (0ms)
			CreateAndSetChildDomain (135ms)
		EndReloadAssembly (965ms)
			LoadAssemblies (119ms)
			RebuildTransferFunctionScriptingTraits (0ms)
			SetupTypeCache (251ms)
			ReleaseScriptCaches (1ms)
			RebuildScriptCaches (58ms)
			SetupLoadedEditorAssemblies (509ms)
				LogAssemblyErrors (0ms)
				InitializePlatformSupportModulesInManaged (26ms)
				SetLoadedEditorAssemblies (0ms)
				RefreshPlugins (103ms)
				BeforeProcessingInitializeOnLoad (106ms)
				ProcessInitializeOnLoadAttributes (220ms)
				ProcessInitializeOnLoadMethodAttributes (42ms)
				AfterProcessingInitializeOnLoad (11ms)
				EditorAssembliesLoaded (0ms)
			ExecutionOrderSort2 (0ms)
			AwakeInstancesAfterBackupRestoration (12ms)
Platform modules already initialized, skipping
========================================================================
Worker process is ready to serve import requests
Launched and connected shader compiler UnityShaderCompiler.exe after 0.06 seconds
Refreshing native plugins compatible for Editor in 0.87 ms, found 4 plugins.
Preloading 0 native plugins for Editor in 0.00 ms.
Unloading 4059 Unused Serialized files (Serialized files now loaded: 0)
Unloading 44 unused Assets / (222.5 KB). Loaded Objects now: 4510.
Memory consumption went from 155.4 MB to 155.2 MB.
Total: 3.590800 ms (FindLiveObjects: 0.427100 ms CreateObjectMapping: 0.116700 ms MarkObjects: 2.893900 ms  DeleteObjects: 0.151500 ms)

AssetImportParameters requested are different than current active one (requested -> active):
  custom:video-decoder-ogg-theora: a1e56fd34408186e4bbccfd4996cb3dc -> 
  custom:container-muxer-webm: aa71ff27fc2769a1b78a27578f13a17b -> 
  custom:container-demuxer-webm: 4f35f7cbe854078d1ac9338744f61a02 -> 
  custom:video-encoder-webm-vp8: eb34c28f22e8b96e1ab97ce403110664 -> 
  custom:audio-encoder-webm-vorbis: bf7c407c2cedff20999df2af8eb42d56 -> 
  custom:framework-win-MediaFoundation: 216162199b28c13a410421893ffa2e32 -> 
  custom:container-demuxer-ogg: 62fdf1f143b41e24485cea50d1cbac27 -> 
  custom:video-decoder-webm-vp8: 9c59270c3fd7afecdb556c50c9e8de78 -> 
  custom:audio-decoder-ogg-vorbis: bf7c407c2cedff20999df2af8eb42d56 -> 
========================================================================
Received Import Request.
  Time since last request: 108410.115862 seconds.
  path: Assets/Casual Physics Puzzle BE6/Readme.asset
  artifactKey: Guid(49dbfddae24453243b7385e179baba8c) Importer(815301076,1909f56bfc062723c751e8b465ee728b)
Start importing Assets/Casual Physics Puzzle BE6/Readme.asset using Guid(49dbfddae24453243b7385e179baba8c) Importer(815301076,1909f56bfc062723c751e8b465ee728b)  -> (artifact id: '42f4859b0625b18f6e70e3926165c0b1') in 0.051902 seconds 
========================================================================
Received Import Request.
  Time since last request: 0.000023 seconds.
  path: Assets/Casual Physics Puzzle BE6
  artifactKey: Guid(bf8066f6bbd5ae945b1c08b0c946acb4) Importer(815301076,1909f56bfc062723c751e8b465ee728b)
Start importing Assets/Casual Physics Puzzle BE6 using Guid(bf8066f6bbd5ae945b1c08b0c946acb4) Importer(815301076,1909f56bfc062723c751e8b465ee728b)  -> (artifact id: '93e8722232c2fabcf4085dc19307fabc') in 0.001861 seconds 
========================================================================
Received Import Request.
  Time since last request: 406.586570 seconds.
  path: Assets/Casual Physics Puzzle BE6/Sprites/Dongle 0.png
  artifactKey: Guid(e8ca73acc2996b7478615bcc49237fe9) Importer(815301076,1909f56bfc062723c751e8b465ee728b)
Start importing Assets/Casual Physics Puzzle BE6/Sprites/Dongle 0.png using Guid(e8ca73acc2996b7478615bcc49237fe9) Importer(815301076,1909f56bfc062723c751e8b465ee728b)  -> (artifact id: '2adfb82b2d2382a86c3408804e50763a') in 0.096879 seconds 
========================================================================
Received Import Request.
  Time since last request: 0.000019 seconds.
  path: Assets/Casual Physics Puzzle BE6/Sprites/End.png
  artifactKey: Guid(38be2f17770af5345bebd434d8469568) Importer(815301076,1909f56bfc062723c751e8b465ee728b)
Start importing Assets/Casual Physics Puzzle BE6/Sprites/End.png using Guid(38be2f17770af5345bebd434d8469568) Importer(815301076,1909f56bfc062723c751e8b465ee728b)  -> (artifact id: 'a1d4c6c0e2ae1896507feca32c847d89') in 0.018090 seconds 
========================================================================
Received Import Request.
  Time since last request: 0.000033 seconds.
  path: Assets/Casual Physics Puzzle BE6/Sprites/Dongle 7.png
  artifactKey: Guid(d55126dcc12ab014dbb649ae44659c9f) Importer(815301076,1909f56bfc062723c751e8b465ee728b)
Start importing Assets/Casual Physics Puzzle BE6/Sprites/Dongle 7.png using Guid(d55126dcc12ab014dbb649ae44659c9f) Importer(815301076,1909f56bfc062723c751e8b465ee728b)  -> (artifact id: '4c468df78a9c9e22dcf264155b525ef1') in 0.019058 seconds 
========================================================================
Received Import Request.
  Time since last request: 0.000023 seconds.
  path: Assets/Casual Physics Puzzle BE6/Sprites/Dongle 4.png
  artifactKey: Guid(29392165bc26232409a7442da567a2b1) Importer(815301076,1909f56bfc062723c751e8b465ee728b)
Start importing Assets/Casual Physics Puzzle BE6/Sprites/Dongle 4.png using Guid(29392165bc26232409a7442da567a2b1) Importer(815301076,1909f56bfc062723c751e8b465ee728b)  -> (artifact id: '58fc051fc2972f49473e7aa6b83496b2') in 0.016630 seconds 
========================================================================
Received Import Request.
  Time since last request: 0.000024 seconds.
  path: Assets/Casual Physics Puzzle BE6/Sprites/Dongle 3.png
  artifactKey: Guid(6828ab77b19cb1e47be89b2273cde042) Importer(815301076,1909f56bfc062723c751e8b465ee728b)
Start importing Assets/Casual Physics Puzzle BE6/Sprites/Dongle 3.png using Guid(6828ab77b19cb1e47be89b2273cde042) Importer(815301076,1909f56bfc062723c751e8b465ee728b)  -> (artifact id: 'f30ce1c2fcb0039ca65e01340766ba66') in 0.012226 seconds 
========================================================================
Received Import Request.
  Time since last request: 0.000027 seconds.
  path: Assets/Casual Physics Puzzle BE6/Sprites/Dongle 2.png
  artifactKey: Guid(8e8694079e292fd42b509f1f98c34abc) Importer(815301076,1909f56bfc062723c751e8b465ee728b)
Start importing Assets/Casual Physics Puzzle BE6/Sprites/Dongle 2.png using Guid(8e8694079e292fd42b509f1f98c34abc) Importer(815301076,1909f56bfc062723c751e8b465ee728b)  -> (artifact id: '39322d6bd286b0f2479077689832667e') in 0.014248 seconds 
========================================================================
Received Import Request.
  Time since last request: 0.000018 seconds.
  path: Assets/Casual Physics Puzzle BE6/Sprites/Dongle 6.png
  artifactKey: Guid(f59122ee75f4b4a4bbb7f56e7ef6c44f) Importer(815301076,1909f56bfc062723c751e8b465ee728b)
Start importing Assets/Casual Physics Puzzle BE6/Sprites/Dongle 6.png using Guid(f59122ee75f4b4a4bbb7f56e7ef6c44f) Importer(815301076,1909f56bfc062723c751e8b465ee728b)  -> (artifact id: 'e1201ec00a2ca680e2bf4af914d4eb3f') in 0.013081 seconds 
Editor requested this worker to shutdown with reason: Scaling down because of idle timeout
AssetImportWorker is now disconnected from the server
Process exiting
Exiting without the bug reporter. Application will terminate with return code 0